[    0.000000] Linux version 4.15.0-194-generic (buildd@lcy02-amd64-052) (gcc version 7.5.0 (Ubuntu 7.5.0-3ubuntu1~18.04)) #205-Ubuntu SMP Fri Sep 16 19:49:27 UTC 2022 (Ubuntu 4.15.0-194.205-generic 4.15.18)
[    0.000000] Command line: BOOT_IMAGE=/boot/vmlinuz-4.15.0-194-generic root=LABEL=cloudimg-rootfs ro console=tty1 console=ttyS0
[    0.000000] KERNEL supported cpus:
[    0.000000]   Intel GenuineIntel
[    0.000000]   AMD AuthenticAMD
[    0.000000]   Centaur CentaurHauls
[    0.000000] [Firmware Bug]: TSC doesn't count with P0 frequency!
[    0.000000] x86/fpu: x87 FPU will use FXSAVE
[    0.000000] e820: BIOS-provided physical RAM map:
[    0.000000] BIOS-e820: [mem 0x0000000000000000-0x000000000009fbff] usable
[    0.000000] BIOS-e820: [mem 0x000000000009fc00-0x000000000009ffff] reserved
[    0.000000] BIOS-e820: [mem 0x00000000000f0000-0x00000000000fffff] reserved
[    0.000000] BIOS-e820: [mem 0x0000000000100000-0x000000003ffeffff] usable
[    0.000000] BIOS-e820: [mem 0x000000003fff0000-0x000000003fffffff] ACPI data
[    0.000000] BIOS-e820: [mem 0x00000000fec00000-0x00000000fec00fff] reserved
[    0.000000] BIOS-e820: [mem 0x00000000fee00000-0x00000000fee00fff] reserved
[    0.000000] BIOS-e820: [mem 0x00000000fffc0000-0x00000000ffffffff] reserved
[    0.000000] NX (Execute Disable) protection: active
[    0.000000] SMBIOS 2.5 present.
[    0.000000] DMI: innotek GmbH VirtualBox/VirtualBox, BIOS VirtualBox 12/01/2006
[    0.000000] Hypervisor detected: KVM
[    0.000000] e820: last_pfn = 0x3fff0 max_arch_pfn = 0x400000000
[    0.000000] MTRR: Disabled
[    0.000000] x86/PAT: MTRRs disabled, skipping PAT initialization too.
[    0.000000] CPU MTRRs all blank - virtualized system.
[    0.000000] x86/PAT: Configuration [0-7]: WB  WT  UC- UC  WB  WT  UC- UC  
[    0.000000] found SMP MP-table at [mem 0x0009fff0-0x0009ffff]
[    0.000000] Scanning 1 areas for low memory corruption
[    0.000000] RAMDISK: [mem 0x359cb000-0x36cdcfff]
[    0.000000] ACPI: Early table checksum verification disabled
[    0.000000] ACPI: RSDP 0x00000000000E0000 000024 (v02 VBOX  )
[    0.000000] ACPI: XSDT 0x000000003FFF0030 00003C (v01 VBOX   VBOXXSDT 00000001 ASL  00000061)
[    0.000000] ACPI: FACP 0x000000003FFF00F0 0000F4 (v04 VBOX   VBOXFACP 00000001 ASL  00000061)
[    0.000000] ACPI: DSDT 0x000000003FFF0470 002325 (v02 VBOX   VBOXBIOS 00000002 INTL 20100528)
[    0.000000] ACPI: FACS 0x000000003FFF0200 000040
[    0.000000] ACPI: FACS 0x000000003FFF0200 000040
[    0.000000] ACPI: APIC 0x000000003FFF0240 00005C (v02 VBOX   VBOXAPIC 00000001 ASL  00000061)
[    0.000000] ACPI: SSDT 0x000000003FFF02A0 0001CC (v01 VBOX   VBOXCPUT 00000002 INTL 20100528)
[    0.000000] ACPI: Reserving FACP table memory at [mem 0x3fff00f0-0x3fff01e3]
[    0.000000] ACPI: Reserving DSDT table memory at [mem 0x3fff0470-0x3fff2794]
[    0.000000] ACPI: Reserving FACS table memory at [mem 0x3fff0200-0x3fff023f]
[    0.000000] ACPI: Reserving FACS table memory at [mem 0x3fff0200-0x3fff023f]
[    0.000000] ACPI: Reserving APIC table memory at [mem 0x3fff0240-0x3fff029b]
[    0.000000] ACPI: Reserving SSDT table memory at [mem 0x3fff02a0-0x3fff046b]
[    0.000000] No NUMA configuration found
[    0.000000] Faking a node at [mem 0x0000000000000000-0x000000003ffeffff]
[    0.000000] NODE_DATA(0) allocated [mem 0x3ffc5000-0x3ffeffff]
[    0.000000] kvm-clock: cpu 0, msr 0:3ff44001, primary cpu clock
[    0.000000] kvm-clock: Using msrs 4b564d01 and 4b564d00
[    0.000000] kvm-clock: using sched offset of 4361644022 cycles
[    0.000000] clocksource: kvm-clock: mask: 0xffffffffffffffff max_cycles: 0x1cd42e4dffb, max_idle_ns: 881590591483 ns
[    0.000000] Zone ranges:
[    0.000000]   DMA      [mem 0x0000000000001000-0x0000000000ffffff]
[    0.000000]   DMA32    [mem 0x0000000001000000-0x000000003ffeffff]
[    0.000000]   Normal   empty
[    0.000000]   Device   empty
[    0.000000] Movable zone start for each node
[    0.000000] Early memory node ranges
[    0.000000]   node   0: [mem 0x0000000000001000-0x000000000009efff]
[    0.000000]   node   0: [mem 0x0000000000100000-0x000000003ffeffff]
[    0.000000] Reserved but unavailable: 104 pages
[    0.000000] Initmem setup node 0 [mem 0x0000000000001000-0x000000003ffeffff]
[    0.000000] ACPI: PM-Timer IO Port: 0x4008
[    0.000000] IOAPIC[0]: apic_id 2, version 32, address 0xfec00000, GSI 0-23
[    0.000000] ACPI: INT_SRC_OVR (bus 0 bus_irq 0 global_irq 2 dfl dfl)
[    0.000000] ACPI: INT_SRC_OVR (bus 0 bus_irq 9 global_irq 9 low level)
[    0.000000] Using ACPI (MADT) for SMP configuration information
[    0.000000] smpboot: Allowing 2 CPUs, 0 hotplug CPUs
[    0.000000] PM: Registered nosave memory: [mem 0x00000000-0x00000fff]
[    0.000000] PM: Registered nosave memory: [mem 0x0009f000-0x0009ffff]
[    0.000000] PM: Registered nosave memory: [mem 0x000a0000-0x000effff]
[    0.000000] PM: Registered nosave memory: [mem 0x000f0000-0x000fffff]
[    0.000000] e820: [mem 0x40000000-0xfebfffff] available for PCI devices
[    0.000000] Booting paravirtualized kernel on KVM
[    0.000000] clocksource: refined-jiffies: mask: 0xffffffff max_cycles: 0xffffffff, max_idle_ns: 7645519600211568 ns
[    0.000000] setup_percpu: NR_CPUS:8192 nr_cpumask_bits:2 nr_cpu_ids:2 nr_node_ids:1
[    0.000000] percpu: Embedded 50 pages/cpu s167936 r8192 d28672 u1048576
[    0.000000] PV qspinlock hash table entries: 256 (order: 0, 4096 bytes)
[    0.000000] Built 1 zonelists, mobility grouping on.  Total pages: 257913
[    0.000000] Policy zone: DMA32
[    0.000000] Kernel command line: BOOT_IMAGE=/boot/vmlinuz-4.15.0-194-generic root=LABEL=cloudimg-rootfs ro console=tty1 console=ttyS0
[    0.000000] Memory: 982652K/1048120K available (12300K kernel code, 2477K rwdata, 4320K rodata, 2472K init, 2720K bss, 65468K reserved, 0K cma-reserved)
[    0.000000] SLUB: HWalign=64, Order=0-3, MinObjects=0, CPUs=2, Nodes=1
[    0.000000] ftrace: allocating 39477 entries in 155 pages
[    0.004000] Hierarchical RCU implementation.
[    0.004000] 	RCU restricting CPUs from NR_CPUS=8192 to nr_cpu_ids=2.
[    0.004000] 	Tasks RCU enabled.
[    0.004000] RCU: Adjusting geometry for rcu_fanout_leaf=16, nr_cpu_ids=2
[    0.004000] NR_IRQS: 524544, nr_irqs: 440, preallocated irqs: 16
[    0.004000] Console: colour VGA+ 80x25
[    0.004000] console [tty1] enabled
[    0.004000] console [ttyS0] enabled
[    0.004000] ACPI: Core revision 20170831
[    0.004000] ACPI: 2 ACPI AML tables successfully acquired and loaded
[    0.004000] APIC: Switch to symmetric I/O mode setup
[    0.004000] ..TIMER: vector=0x30 apic1=0 pin1=2 apic2=-1 pin2=-1
[    0.004000] tsc: Detected 2095.988 MHz processor
[    0.004000] Calibrating delay loop (skipped) preset value.. 4191.97 BogoMIPS (lpj=8383952)
[    0.004000] pid_max: default: 32768 minimum: 301
[    0.004000] Security Framework initialized
[    0.004000] Yama: becoming mindful.
[    0.004122] AppArmor: AppArmor initialized
[    0.016560] Dentry cache hash table entries: 131072 (order: 8, 1048576 bytes)
[    0.025498] Inode-cache hash table entries: 65536 (order: 7, 524288 bytes)
[    0.028128] Mount-cache hash table entries: 2048 (order: 2, 16384 bytes)
[    0.032157] Mountpoint-cache hash table entries: 2048 (order: 2, 16384 bytes)
[    0.040791] Last level iTLB entries: 4KB 1024, 2MB 1024, 4MB 512
[    0.044006] Last level dTLB entries: 4KB 1536, 2MB 1536, 4MB 768, 1GB 0
[    0.048009] Spectre V1 : Mitigation: usercopy/swapgs barriers and __user pointer sanitization
[    0.052008] Spectre V2 : Mitigation: Retpolines
[    0.056005] Spectre V2 : Spectre v2 / SpectreRSB mitigation: Filling RSB on context switch
[    0.060200] Freeing SMP alternatives memory: 36K
[    0.189674] APIC calibration not consistent with PM-Timer: 101ms instead of 100ms
[    0.192000] APIC delta adjusted to PM-Timer: 6367765 (6486723)
[    0.192438] smpboot: CPU0: AMD Ryzen 5 3500U with Radeon Vega Mobile Gfx (family: 0x17, model: 0x18, stepping: 0x1)
[    0.196785] Performance Events: PMU not available due to virtualization, using software events only.
[    0.200174] Hierarchical SRCU implementation.
[    0.205052] NMI watchdog: Perf event create on CPU 0 failed with -2
[    0.208006] NMI watchdog: Perf NMI watchdog permanently disabled
[    0.212408] smp: Bringing up secondary CPUs ...
[    0.220743] x86: Booting SMP configuration:
[    0.224006] .... node  #0, CPUs:      #1
[    0.004000] kvm-clock: cpu 1, msr 0:3ff44041, secondary cpu clock
[    0.240148] smp: Brought up 1 node, 2 CPUs
[    0.244007] smpboot: Max logical packages: 1
[    0.248005] smpboot: Total of 2 processors activated (8383.95 BogoMIPS)
[    0.257488] devtmpfs: initialized
[    0.260591] x86/mm: Memory block size: 128MB
[    0.269131] evm: security.selinux
[    0.276007] evm: security.SMACK64
[    0.280003] evm: security.SMACK64EXEC
[    0.284003] evm: security.SMACK64TRANSMUTE
[    0.288003] evm: security.SMACK64MMAP
[    0.292005] evm: security.apparmor
[    0.300007] evm: security.ima
[    0.304004] evm: security.capability
[    0.309083] clocksource: jiffies: mask: 0xffffffff max_cycles: 0xffffffff, max_idle_ns: 7645041785100000 ns
[    0.324124] futex hash table entries: 512 (order: 3, 32768 bytes)
[    0.328734] pinctrl core: initialized pinctrl subsystem
[    0.340729] RTC time:  9:06:40, date: 10/14/22
[    0.352701] NET: Registered protocol family 16
[    0.360547] audit: initializing netlink subsys (disabled)
[    0.376943] audit: type=2000 audit(1665738406.033:1): state=initialized audit_enabled=0 res=1
[    0.380375] cpuidle: using governor ladder
[    0.384825] cpuidle: using governor menu
[    0.404281] ACPI: bus type PCI registered
[    0.412021] acpiphp: ACPI Hot Plug PCI Controller Driver version: 0.5
[    0.428367] PCI: Using configuration type 1 for base access
[    0.440019] PCI: Using configuration type 1 for extended access
[    0.460472] HugeTLB registered 2.00 MiB page size, pre-allocated 0 pages
[    0.468502] ACPI: Added _OSI(Module Device)
[    0.472138] ACPI: Added _OSI(Processor Device)
[    0.476010] ACPI: Added _OSI(3.0 _SCP Extensions)
[    0.480009] ACPI: Added _OSI(Processor Aggregator Device)
[    0.484016] ACPI: Added _OSI(Linux-Dell-Video)
[    0.488015] ACPI: Added _OSI(Linux-Lenovo-NV-HDMI-Audio)
[    0.492014] ACPI: Added _OSI(Linux-HPI-Hybrid-Graphics)
[    0.497235] ACPI: Executed 1 blocks of module-level executable AML code
[    0.508000] ACPI: Interpreter enabled
[    0.508037] ACPI: (supports S0 S5)
[    0.511888] ACPI: Using IOAPIC for interrupt routing
[    0.516538] PCI: Using host bridge windows from ACPI; if necessary, use "pci=nocrs" and report a bug
[    0.520345] ACPI: Enabled 2 GPEs in block 00 to 07
[    0.537902] ACPI: PCI Root Bridge [PCI0] (domain 0000 [bus 00-ff])
[    0.540027] acpi PNP0A03:00: _OSC: OS supports [ExtendedConfig ASPM ClockPM Segments MSI]
[    0.549242] acpi PNP0A03:00: _OSC: platform does not support [PCIeCapability]
[    0.556265] acpi PNP0A03:00: _OSC: not requesting control; platform does not support [PCIeCapability]
[    0.560014] acpi PNP0A03:00: _OSC: OS requested [PCIeHotplug PME AER PCIeCapability]
[    0.564012] acpi PNP0A03:00: _OSC: platform willing to grant [PCIeHotplug PME AER]
[    0.568013] acpi PNP0A03:00: _OSC failed (AE_SUPPORT); disabling ASPM
[    0.573063] PCI host bridge to bus 0000:00
[    0.576009] pci_bus 0000:00: root bus resource [io  0x0000-0x0cf7 window]
[    0.580025] pci_bus 0000:00: root bus resource [io  0x0d00-0xffff window]
[    0.584005] pci_bus 0000:00: root bus resource [mem 0x000a0000-0x000bffff window]
[    0.588007] pci_bus 0000:00: root bus resource [mem 0x40000000-0xfdffffff window]
[    0.592007] pci_bus 0000:00: root bus resource [bus 00-ff]
[    0.609953] pci 0000:00:01.1: legacy IDE quirk: reg 0x10: [io  0x01f0-0x01f7]
[    0.612005] pci 0000:00:01.1: legacy IDE quirk: reg 0x14: [io  0x03f6]
[    0.616005] pci 0000:00:01.1: legacy IDE quirk: reg 0x18: [io  0x0170-0x0177]
[    0.620006] pci 0000:00:01.1: legacy IDE quirk: reg 0x1c: [io  0x0376]
[    0.648000] pci 0000:00:07.0: quirk: [io  0x4000-0x403f] claimed by PIIX4 ACPI
[    0.648083] pci 0000:00:07.0: quirk: [io  0x4100-0x410f] claimed by PIIX4 SMB
[    0.668000] ACPI: PCI Interrupt Link [LNKA] (IRQs 5 9 10 *11)
[    0.668679] ACPI: PCI Interrupt Link [LNKB] (IRQs 5 9 *10 11)
[    0.672256] ACPI: PCI Interrupt Link [LNKC] (IRQs 5 *9 10 11)
[    0.676288] ACPI: PCI Interrupt Link [LNKD] (IRQs 5 9 10 *11)
[    0.684421] SCSI subsystem initialized
[    0.688605] pci 0000:00:02.0: vgaarb: setting as boot VGA device
[    0.692000] pci 0000:00:02.0: vgaarb: VGA device added: decodes=io+mem,owns=io+mem,locks=none
[    0.692009] pci 0000:00:02.0: vgaarb: bridge control possible
[    0.696004] vgaarb: loaded
[    0.700113] ACPI: bus type USB registered
[    0.703950] usbcore: registered new interface driver usbfs
[    0.704035] usbcore: registered new interface driver hub
[    0.708021] usbcore: registered new device driver usb
[    0.712505] EDAC MC: Ver: 3.0.0
[    0.724410] PCI: Using ACPI for IRQ routing
[    0.736729] NetLabel: Initializing
[    0.740005] NetLabel:  domain hash size = 128
[    0.748006] NetLabel:  protocols = UNLABELED CIPSOv4 CALIPSO
[    0.756028] NetLabel:  unlabeled traffic allowed by default
[    0.765130] clocksource: Switched to clocksource kvm-clock
[    0.800754] VFS: Disk quotas dquot_6.6.0
[    0.800754] VFS: Dquot-cache hash table entries: 512 (order 0, 4096 bytes)
[    0.800754] AppArmor: AppArmor Filesystem Enabled
[    0.800754] pnp: PnP ACPI init
[    0.800754] pnp: PnP ACPI: found 3 devices
[    0.903703] clocksource: acpi_pm: mask: 0xffffff max_cycles: 0xffffff, max_idle_ns: 2085701024 ns
[    0.904501] NET: Registered protocol family 2
[    0.904501] IP idents hash table entries: 16384 (order: 5, 131072 bytes)
[    0.924272] TCP established hash table entries: 8192 (order: 4, 65536 bytes)
[    0.931378] TCP bind hash table entries: 8192 (order: 5, 131072 bytes)
[    0.935012] TCP: Hash tables configured (established 8192 bind 8192)
[    0.935012] UDP hash table entries: 512 (order: 2, 16384 bytes)
[    0.935012] UDP-Lite hash table entries: 512 (order: 2, 16384 bytes)
[    0.935012] NET: Registered protocol family 1
[    0.935012] pci 0000:00:00.0: Limiting direct PCI/PCI transfers
[    0.935012] pci 0000:00:01.0: Activating ISA DMA hang workarounds
[    0.935012] pci 0000:00:02.0: Video device with shadowed ROM at [mem 0x000c0000-0x000dffff]
[    0.935012] Unpacking initramfs...
[    1.619437] Freeing initrd memory: 19528K
[    1.623730] clocksource: tsc: mask: 0xffffffffffffffff max_cycles: 0x1e36628d06a, max_idle_ns: 440795283511 ns
[    1.634962] platform rtc_cmos: registered platform RTC device (no PNP device found)
[    1.645325] Scanning for low memory corruption every 60 seconds
[    1.657212] Initialise system trusted keyrings
[    1.661813] Key type blacklist registered
[    1.666460] workingset: timestamp_bits=36 max_order=18 bucket_order=0
[    1.675739] zbud: loaded
[    1.680496] squashfs: version 4.0 (2009/01/31) Phillip Lougher
[    1.688956] fuse init (API version 7.26)
[    1.733416] Key type asymmetric registered
[    1.738493] Asymmetric key parser 'x509' registered
[    1.744347] Block layer SCSI generic (bsg) driver version 0.4 loaded (major 246)
[    1.752772] io scheduler noop registered
[    1.757792] io scheduler deadline registered
[    1.763323] io scheduler cfq registered (default)
[    1.770567] ACPI: AC Adapter [AC] (on-line)
[    1.776648] input: Power Button as /devices/LNXSYSTM:00/LNXPWRBN:00/input/input0
[    1.785838] ACPI: Power Button [PWRF]
[    1.793345] input: Sleep Button as /devices/LNXSYSTM:00/LNXSLPBN:00/input/input1
[    1.802043] ACPI: Sleep Button [SLPF]
[    1.808682] Serial: 8250/16550 driver, 32 ports, IRQ sharing enabled
[    1.810833] ACPI: Battery Slot [BAT0] (battery present)
[    1.849257] 00:02: ttyS0 at I/O 0x3f8 (irq = 4, base_baud = 115200) is a 16550A
[    1.878642] Linux agpgart interface v0.103
[    1.897124] loop: module loaded
[    1.906991] scsi host0: ata_piix
[    1.914104] scsi host1: ata_piix
[    1.917971] ata1: PATA max UDMA/33 cmd 0x1f0 ctl 0x3f6 bmdma 0xd000 irq 14
[    1.924807] ata2: PATA max UDMA/33 cmd 0x170 ctl 0x376 bmdma 0xd008 irq 15
[    1.931845] tun: Universal TUN/TAP device driver, 1.6
[    1.937883] PPP generic driver version 2.4.2
[    1.942937] ehci_hcd: USB 2.0 'Enhanced' Host Controller (EHCI) Driver
[    1.949641] ehci-pci: EHCI PCI platform driver
[    1.954628] ehci-platform: EHCI generic platform driver
[    1.960148] ohci_hcd: USB 1.1 'Open' Host Controller (OHCI) Driver
[    1.966458] ohci-pci: OHCI PCI platform driver
[    1.971233] ohci-platform: OHCI generic platform driver
[    1.976915] uhci_hcd: USB Universal Host Controller Interface driver
[    1.983436] i8042: PNP: PS/2 Controller [PNP0303:PS2K,PNP0f03:PS2M] at 0x60,0x64 irq 1,12
[    1.997548] serio: i8042 KBD port at 0x60,0x64 irq 1
[    2.005096] serio: i8042 AUX port at 0x60,0x64 irq 12
[    2.011085] mousedev: PS/2 mouse device common for all mice
[    2.022762] input: AT Translated Set 2 keyboard as /devices/platform/i8042/serio0/input/input2
[    2.023087] rtc_cmos rtc_cmos: rtc core: registered rtc_cmos as rtc0
[    2.039115] rtc_cmos rtc_cmos: alarms up to one day, 114 bytes nvram
[    2.045859] i2c /dev entries driver
[    2.050081] device-mapper: uevent: version 1.0.3
[    2.055880] device-mapper: ioctl: 4.37.0-ioctl (2017-09-20) initialised: dm-devel@redhat.com
[    2.065037] ledtrig-cpu: registered to indicate activity on CPUs
[    2.076908] NET: Registered protocol family 10
[    2.128389] Segment Routing with IPv6
[    2.132445] NET: Registered protocol family 17
[    2.137195] Key type dns_resolver registered
[    2.154946] mce: Using 0 MCE banks
[    2.160303] RAS: Correctable Errors collector initialized.
[    2.166465] sched_clock: Marking stable (2166397186, 0)->(3116491628, -950094442)
[    2.178734] registered taskstats version 1
[    2.183889] Loading compiled-in X.509 certificates
[    2.195724] Loaded X.509 cert 'Build time autogenerated kernel key: 6303a3b02fa1c7713b8a75ba7ba622fabd5dd271'
[    2.207559] Loaded X.509 cert 'Canonical Ltd. Live Patch Signing: 14df34d1a87cf37625abec039ef2bf521249b969'
[    2.220424] Loaded X.509 cert 'Canonical Ltd. Kernel Module Signing: 88f752e560a1e0737e31163a466ad7b70a850c19'
[    2.235481] blacklist: Loading compiled-in revocation X.509 certificates
[    2.243349] Loaded X.509 cert 'Canonical Ltd. Secure Boot Signing: 61482aa2830d0ab2ad5af10b7250da9033ddcef0'
[    2.258255] zswap: loaded using pool lzo/zbud
[    2.281863] Key type big_key registered
[    2.286875] Key type trusted registered
[    2.298041] Key type encrypted registered
[    2.303344] AppArmor: AppArmor sha1 policy hashing enabled
[    2.309474] ima: No TPM chip found, activating TPM-bypass! (rc=-19)
[    2.316412] ima: Allocated hash algorithm: sha1
[    2.321597] evm: HMAC attrs: 0x1
[    2.326458]   Magic number: 10:95:121
[    2.331539] rtc_cmos rtc_cmos: setting system clock to 2022-10-14 09:06:42 UTC (1665738402)
[    2.341517] BIOS EDD facility v0.16 2004-Jun-25, 0 devices found
[    2.350706] EDD information not available.
[    2.362460] Freeing unused kernel image memory: 2472K
[    2.376390] Write protecting the kernel read-only data: 20480k
[    2.385567] Freeing unused kernel image memory: 2008K
[    2.392026] Freeing unused kernel image memory: 1824K
[    2.404597] x86/mm: Checked W+X mappings: passed, no W+X pages found.
Loading, please wait...
starting version 237
[    2.518939] e1000: Intel(R) PRO/1000 Network Driver - version 7.3.21-k8-NAPI
[    2.529986] e1000: Copyright (c) 1999-2006 Intel Corporation.
[    2.540663] Fusion MPT base driver 3.04.20
[    2.546657] Copyright (c) 1999-2008 LSI Corporation
[    2.591247] Fusion MPT SPI Host driver 3.04.20
[    2.846293] input: ImExPS/2 Generic Explorer Mouse as /devices/platform/i8042/serio1/input/input4
[    3.592378] e1000 0000:00:03.0 eth0: (PCI:33MHz:32-bit) 02:79:bc:85:0c:53
[    3.598978] e1000 0000:00:03.0 eth0: Intel(R) PRO/1000 Network Connection
[    4.245900] e1000 0000:00:08.0 eth1: (PCI:33MHz:32-bit) 08:00:27:d3:02:13
[    4.252411] e1000 0000:00:08.0 eth1: Intel(R) PRO/1000 Network Connection
[    4.261829] e1000 0000:00:03.0 enp0s3: renamed from eth0
[    4.262499] mptbase: ioc0: Initiating bringup
[    4.301735] e1000 0000:00:08.0 enp0s8: renamed from eth1
[    6.799959] ioc0: LSI53C1030 A0: Capabilities={Initiator}
[    7.063337] scsi host2: ioc0: LSI53C1030 A0, FwRev=00000000h, Ports=1, MaxQ=256, IRQ=20
[    7.300854] scsi 2:0:0:0: Direct-Access     VBOX     HARDDISK         1.0  PQ: 0 ANSI: 5
[    7.336599] scsi target2:0:0: Beginning Domain Validation
[    7.351690] scsi target2:0:0: Domain Validation skipping write tests
[    7.358515] scsi target2:0:0: Ending Domain Validation
[    7.363774] scsi target2:0:0: asynchronous
[    7.369804] scsi 2:0:1:0: Direct-Access     VBOX     HARDDISK         1.0  PQ: 0 ANSI: 5
[    7.752648] scsi target2:0:1: Beginning Domain Validation
[    7.766362] scsi target2:0:1: Domain Validation skipping write tests
[    7.772312] scsi target2:0:1: Ending Domain Validation
[    7.780077] scsi target2:0:1: asynchronous
[    7.801127] sd 2:0:0:0: Attached scsi generic sg0 type 0
[    7.809547] sd 2:0:0:0: [sda] 83886080 512-byte logical blocks: (42.9 GB/40.0 GiB)
[    7.810675] sd 2:0:1:0: [sdb] 20480 512-byte logical blocks: (10.5 MB/10.0 MiB)
[    7.821107] sd 2:0:1:0: Attached scsi generic sg1 type 0
[    7.828905] sd 2:0:1:0: [sdb] Write Protect is off
[    7.837659] sd 2:0:0:0: [sda] Write Protect is off
[    7.849511] sd 2:0:1:0: [sdb] Incomplete mode parameter data
[    7.849621] sd 2:0:0:0: [sda] Incomplete mode parameter data
[    7.855118] sd 2:0:1:0: [sdb] Assuming drive cache: write through
[    7.861379] sd 2:0:0:0: [sda] Assuming drive cache: write through
[    7.881129]  sda: sda1
[    7.883887] sd 2:0:1:0: [sdb] Attached SCSI disk
[    7.894914] sd 2:0:0:0: [sda] Attached SCSI disk
Begin: Loading essential drivers ... [   10.008714] raid6: sse2x1   gen()  6562 MB/s
[   10.061490] raid6: sse2x1   xor()  5717 MB/s
[   10.112177] raid6: sse2x2   gen() 10399 MB/s
[   10.164937] raid6: sse2x2   xor()  7648 MB/s
[   10.216727] raid6: sse2x4   gen() 15141 MB/s
[   10.268410] raid6: sse2x4   xor()  7255 MB/s
[   10.274861] raid6: using algorithm sse2x4 gen() 15141 MB/s
[   10.280764] raid6: .... xor() 7255 MB/s, rmw enabled
[   10.285595] raid6: using ssse3x2 recovery algorithm
[   10.294647] xor: measuring software checksum speed
[   10.336151]    prefetch64-sse: 12049.000 MB/sec
[   10.380659]    generic_sse: 10482.000 MB/sec
[   10.386072] xor: using function: prefetch64-sse (12049.000 MB/sec)
[   10.399703] async_tx: api initialized (async)
done.
Begin: Running /scripts/init-premount ... done.
Begin: Mounting root file system ... Begin: Running /scripts/local-top ... done.
Begin: Running /scripts/local-premount ... [   10.500583] Btrfs loaded, crc32c=crc32c-intel
Scanning for Btrfs filesystems
done.
Warning: fsck not present, so skipping root file system
[   10.575788] EXT4-fs (sda1): mounted filesystem with ordered data mode. Opts: (null)
done.
Begin: Running /scripts/local-bottom ... done.
Begin: Running /scripts/init-bottom ... done.
[   10.846319] ip_tables: (C) 2000-2006 Netfilter Core Team
[   10.875413] systemd[1]: systemd 237 running in system mode. (+PAM +AUDIT +SELINUX +IMA +APPARMOR +SMACK +SYSVINIT +UTMP +LIBCRYPTSETUP +GCRYPT +GNUTLS +ACL +XZ +LZ4 +SECCOMP +BLKID +ELFUTILS +KMOD -IDN2 +IDN -PCRE2 default-hierarchy=hybrid)
[   10.901962] systemd[1]: Detected virtualization oracle.
[   10.908926] systemd[1]: Detected architecture x86-64.

Welcome to [1mUbuntu 18.04.6 LTS[0m!

[   10.957720] systemd[1]: Set hostname to <ubuntu>.
[   10.973012] random: systemd: uninitialized urandom read (16 bytes read)
[   10.979308] systemd[1]: Initializing machine ID from random generator.
[   10.986086] systemd[1]: Installed transient /etc/machine-id file.
[   11.457530] random: systemd: uninitialized urandom read (16 bytes read)
[   11.464207] systemd[1]: Reached target User and Group Name Lookups.
[[0;32m  OK  [0m] Reached target User and Group Name Lookups.
[   11.474594] random: systemd: uninitialized urandom read (16 bytes read)
[   11.495641] systemd[1]: Created slice System Slice.
[[0;32m  OK  [0m] Created slice System Slice.
[   11.504848] systemd[1]: Listening on Journal Socket.
[[0;32m  OK  [0m] Listening on Journal Socket.
[   11.516665] systemd[1]: Mounting Huge Pages File System...
         Mounting Huge Pages File System...
[[0;32m  OK  [0m] Created slice system-serial\x2dgetty.slice.
[[0;32m  OK  [0m] Listening on Journal Socket (/dev/log).
         Starting Load Kernel Modules...
[[0;32m  OK  [0m] Listening on /dev/initctl Compatibility Named Pipe.
[[0;32m  OK  [0m] Listening on LVM2 poll daemon socket.
         Starting Create list of required st…ce nodes for the current kernel...
[[0;32m  OK  [0m] Started Forward Password Requests to Wall Directory Watch.
         Starting Set the console keyboard layout...
[[0;32m  OK  [0m] Reached target Swap.
[[0;32m  OK  [0m] Listening on udev Kernel Socket.
[[0;32m  OK  [0m[   11.577301] Loading iSCSI transport class v2.0-870.
] Reached target System Time Synchronized.
         Starting Uncomplicated firewall...
[[0;32m  OK  [0m] Set up automount Arbitrary Executab…rmats File System Automount Point.
[[0;32m  OK  [0m] Created slice User and Session Slice.
[[0;32m  OK  [0m] [   11.609385] iscsi: registered transport (tcp)
Reached target Slices.
[[0;32m  OK  [0m] Listening on Device-mapper event daemon FIFOs.
[[0;32m  OK  [0m] Listening on Syslog Socket.
[[0;32m  OK  [0m] Listening on Journal Audit Socket.
[[0;32m  OK  [0m] Listening on udev Control Socket.
         Starting udev Coldplug all Devices...
         Mounting Kernel Debug File System...
         Mounting POSIX Message Queue File System...
[[0;32m  OK  [0m] Listening on Network Service Netlink Socket.
[[0;32m  OK  [0m] Listening on fsck to fsckd communication Socket.
         Starting File System Check on Root Device...
         [   11.697412] iscsi: registered transport (iser)
Starting Journal Service...
[[0;32m  OK  [0m] Listening on LVM2 metadata daemon socket.
         Starting Monitoring of LVM2 mirrors…ng dmeventd or progress polling...
[[0;32m  OK  [0m] Mounted Huge Pages File System.
[[0;32m  OK  [0m] Started Load Kernel Modules.
[[0;32m  OK  [0m] Started Create list of required sta…vice nodes for the current kernel.
[[0;32m  OK  [0m] Started Uncomplicated firewall.
[[0;32m  OK  [0m] Mounted Kernel Debug File System.
[[0;32m  OK  [0m] Mounted POSIX Message Queue File System.
[[0;32m  OK  [0m] Started File System Check Daemon to report status.
         Starting Create Static Device Nodes in /dev...
         Mounting FUSE Control File System...
         Mounting Kernel Configuration File System...
         Starting Apply Kernel Variables...
[[0;32m  OK  [0m] Mounted FUSE Control File System.
[[0;32m  OK  [0m] Mounted Kernel Configuration File System.
[[0;32m  OK  [0m] Started Journal Service.
[[0;32m  OK  [0m] Started udev Coldplug all Devices.
[[0;32m  OK  [0m] Started Create Static Device Nodes in /dev.
[[0;32m  OK  [0m] Started LVM2 metadata daemon.
[[0;32m  OK  [0m] Started File System Check on Root Device.
         Starting Remount Root and Kernel File Systems...
[[0;32m  OK  [0m] Started Remount Root and Kernel File Systems.
[[0;32m  OK  [0m] Started Apply Kernel Variables.
         Starting udev Kernel Device Manager...
         Starting Flush Journal to Persistent Storage...
         Starting Load/Save Random Seed...
[[0;32m  OK  [0m] Started Monitoring of LVM2 mirrors,…sing dmeventd or progress polling.
[[0;32m  OK  [0m] Started Load/Save Random Seed.
[[0;32m  OK  [0m] Started udev Kernel Device Manager.
[[0;32m  OK  [0m] Started Flush Journal to Persistent Storage.
[[0;32m  OK  [0m] Started Set the console keyboard layout.
[[0;32m  OK  [0m] Started Dispatch Password Requests to Console Directory Watch.
[[0;32m  OK  [0m] Reached target Local Encrypted Volumes.
[[0;32m  OK  [0m] Reached target Local File Systems (Pre).
[[0;32m  OK  [0m] Reached target Local File Systems.
         Starting AppArmor initialization...
         Starting Commit a transient machine-id on disk...
         Starting Set console font and keymap...
         Starting ebtables ruleset management...
         Starting Tell Plymouth To Write Out Runtime Data...
         Starting Create Volatile Files and Directories...
[[0;32m  OK  [0m] Started Set console font and keymap.
[[0;32m  OK  [0m] Found device /dev/ttyS0.
[[0;32m  OK  [0m] Started Commit a transient machine-id on disk.
[[0;32m  OK  [0m] Started Tell Plymouth To Write Out Runtime Data.
[[0;32m  OK  [0m] Started Create Volatile Files and Directories.
         Starting Update UTMP about System Boot/Shutdown...
[[0;32m  OK  [0m] Started Update UTMP about System Boot/Shutdown.
[[0;32m  OK  [0m] Listening on Load/Save RF Kill Switch Status /dev/rfkill Watch.
[[0;32m  OK  [0m] Started ebtables ruleset management.
[[0;32m  OK  [0m] Started AppArmor initialization.
         Starting Load AppArmor profiles managed internally by snapd...
         Starting Initial cloud-init job (pre-networking)...
[[0;32m  OK  [0m] Started Load AppArmor profiles managed internally by snapd.
[   16.286714] cloud-init[556]: Cloud-init v. 22.2-0ubuntu1~18.04.3 running 'init-local' at Fri, 14 Oct 2022 09:06:55 +0000. Up 15.76 seconds.
[[0;32m  OK  [0m] Started Initial cloud-init job (pre-networking).
[[0;32m  OK  [0m] Reached target Network (Pre).
         Starting Network Service...
[[0;32m  OK  [0m] Started Network Service.
         Starting Network Name Resolution...
         Starting Wait for Network to be Configured...
[[0;32m  OK  [0m] Started Network Name Resolution.
[[0;32m  OK  [0m] Reached target Network.
[[0;32m  OK  [0m] Reached target Host and Network Name Lookups.
[[0;32m  OK  [0m] Started Wait for Network to be Configured.
         Starting Initial cloud-init job (metadata service crawler)...
[   18.730348] cloud-init[667]: Cloud-init v. 22.2-0ubuntu1~18.04.3 running 'init' at Fri, 14 Oct 2022 09:06:58 +0000. Up 18.54 seconds.
[   18.737745] cloud-init[667]: ci-info: ++++++++++++++++++++++++++++++++++++++Net device info++++++++++++++++++++++++++++++++++++++
[   18.742968] cloud-init[667]: ci-info: +--------+-------+---------------------------+---------------+--------+-------------------+
[   18.747879] cloud-init[667]: ci-info: | Device |   Up  |          Address          |      Mask     | Scope  |     Hw-Address    |
[   18.752879] cloud-init[667]: ci-info: +--------+-------+---------------------------+---------------+--------+-------------------+
[   18.757622] cloud-init[667]: ci-info: | enp0s3 |  True |         10.0.2.15         | 255.255.255.0 | global | 02:79:bc:85:0c:53 |
[   18.762526] cloud-init[667]: ci-info: | enp0s3 |  True | fe80::79:bcff:fe85:c53/64 |       .       |  link  | 02:79:bc:85:0c:53 |
[   18.767643] cloud-init[667]: ci-info: | enp0s8 | False |             .             |       .       |   .    | 08:00:27:d3:02:13 |
[   18.772719] cloud-init[667]: ci-info: |   lo   |  True |         127.0.0.1         |   255.0.0.0   |  host  |         .         |
[   18.777987] cloud-init[667]: ci-info: |   lo   |  True |          ::1/128          |       .       |  host  |         .         |
[   18.782951] cloud-init[667]: ci-info: +--------+-------+---------------------------+---------------+--------+-------------------+
[   18.789336] cloud-init[667]: ci-info: ++++++++++++++++++++++++++++Route IPv4 info+++++++++++++++++++++++++++++
[   18.795583] cloud-init[667]: ci-info: +-------+-------------+----------+-----------------+-----------+-------+
[   18.800661] cloud-init[667]: ci-info: | Route | Destination | Gateway  |     Genmask     | Interface | Flags |
[   18.805776] cloud-init[667]: ci-info: +-------+-------------+----------+-----------------+-----------+-------+
[   18.810380] cloud-init[667]: ci-info: |   0   |   0.0.0.0   | 10.0.2.2 |     0.0.0.0     |   enp0s3  |   UG  |
[   18.815428] cloud-init[667]: ci-info: |   1   |   10.0.2.0  | 0.0.0.0  |  255.255.255.0  |   enp0s3  |   U   |
[   18.820557] cloud-init[667]: ci-info: |   2   |   10.0.2.2  | 0.0.0.0  | 255.255.255.255 |   enp0s3  |   UH  |
[   18.825543] cloud-init[667]: ci-info: +-------+-------------+----------+-----------------+-----------+-------+
[   18.830094] cloud-init[667]: ci-info: +++++++++++++++++++Route IPv6 info+++++++++++++++++++
[   18.836362] cloud-init[667]: ci-info: +-------+-------------+---------+-----------+-------+
[   18.841596] cloud-init[667]: ci-info: | Route | Destination | Gateway | Interface | Flags |
[   18.845613] cloud-init[667]: ci-info: +-------+-------------+---------+-----------+-------+
[   18.849339] cloud-init[667]: ci-info: |   1   |  fe80::/64  |    ::   |   enp0s3  |   U   |
[   18.853117] cloud-init[667]: ci-info: |   3   |    local    |    ::   |   enp0s3  |   U   |
[   18.857938] cloud-init[667]: ci-info: |   4   |   ff00::/8  |    ::   |   enp0s3  |   U   |
[   18.863021] cloud-init[667]: ci-info: +-------+-------------+---------+-----------+-------+
[   20.034260] cloud-init[667]: Generating public/private rsa key pair.
[   20.039114] cloud-init[667]: Your identification has been saved in /etc/ssh/ssh_host_rsa_key.
[   20.044926] cloud-init[667]: Your public key has been saved in /etc/ssh/ssh_host_rsa_key.pub.
[   20.050399] cloud-init[667]: The key fingerprint is:
[   20.053623] cloud-init[667]: SHA256:rdx35DW3kXOmLWsZlVxoY5FMVYf0ZdUfYLRGKOXsBfI root@ubuntu-bionic
[   20.059064] cloud-init[667]: The key's randomart image is:
[   20.061732] cloud-init[667]: +---[RSA 2048]----+
[   20.063979] cloud-init[667]: |         ..ooO=*@|
[   20.066051] cloud-init[667]: |         .=.+ X+=|
[   20.068748] cloud-init[667]: |          .E *..*|
[   20.071411] cloud-init[667]: |         .. o  o+|
[   20.073776] cloud-init[667]: |        S ..  .*=|
[   20.076015] cloud-init[667]: |       . o   o.=B|
[   20.078051] cloud-init[667]: |        o . . =+.|
[   20.079994] cloud-init[667]: |           . .oo |
[   20.082279] cloud-init[667]: |             ..  |
[   20.084811] cloud-init[667]: +----[SHA256]-----+
[   20.086770] cloud-init[667]: Generating public/private dsa key pair.
[   20.089417] cloud-init[667]: Your identification has been saved in /etc/ssh/ssh_host_dsa_key.
[   20.092761] cloud-init[667]: Your public key has been saved in /etc/ssh/ssh_host_dsa_key.pub.
[   20.096849] cloud-init[667]: The key fingerprint is:
[   20.099075] cloud-init[667]: SHA256:YPWcZRzOYm1X9b8FqpTPx7+DLV3UTC5j0TYgW6kDYGo root@ubuntu-bionic
[   20.108710] cloud-init[667]: The key's randomart image is:
[   20.116730] cloud-init[667]: +---[DSA 1024]----+
[   20.122748] cloud-init[667]: |       oo  o++o.+|
[   20.127341] cloud-init[667]: |      o. + B=..o=|
[   20.133688] cloud-init[667]: |     Eo   B.* o*+|
[   20.140085] cloud-init[667]: |    .. . . * o+.*|
[   20.146251] cloud-init[667]: |        S o o. +o|
[   20.153569] cloud-init[667]: |         . + .  +|
[   20.159136] cloud-init[667]: |          . o *..|
[   20.163852] cloud-init[667]: |             + = |
[   20.168980] cloud-init[667]: |              ..+|
[[0;32m  OK  [0m] Started Initial cloud-init job (metadata service crawler).
[   20.178202] [[0;32m  OK  [0m] Reached target System Initialization.
[[0;32m  OK  [0m] Listening on cloud-init hotplug hook socket.
[[0;32m  OK  [0m] Listening on UUID daemon activation socket.
[[0;32m  OK  [0m] Started Ubuntu Advantage Timer for running repeated jobs.
         Starting LXD - unix socket.
[[0;32m  OK  [0m] Started Message of the Day.
[[0;32m  OK  [0m] Started Daily apt download activities.
[[0;32m  OK  [0m] Listening on Open-iSCSI iscsid Socket.
[[0;32m  OK  [0m] Started Daily apt upgrade and clean activities.
         Starting Socket activation for snappy daemon.
[[0;32m  OK  [0m] Listening on D-Bus System Message Bus Socket.
[[0;32m  OK  [0m] Started Daily Cleanup of Temporary Directories.
[[0;32m  OK  [0m] Started ACPI Events Check.
[[0;32m  OK  [0m] Reached target Paths.
[[0;32m  OK  [0m] Started Discard unused blocks once a week.
[[0;32m  OK  [0m] Reached target Timers.
[[0;32m  OK  [0m] Listening on ACPID Listen Socket.
[[0;32m  OK  [0m] Reached target Network is Online.
[[0;32m  OK  [0m] Reached target Remote File Systems (Pre).
[[0;32m  OK  [0m] Reached target Remote File Systems.
         Starting Availability of block devices...
[[0;32m  OK  [0m] Reached target Cloud-config availability.
[[0;32m  OK  [0m] Listening on LXD - unix socket.
[[0;32m  OK  [0m] Listening on Socket activation for snappy daemon.
[[0;32m  OK  [0m] Reached target Sockets.
[[0;32m  OK  [0m] Reached target Basic System.
         Starting Accounts Service...
[[0;32m  OK  [0m] Started D-Bus System Message Bus.
cloud-init[667]: +----[SHA256]-----+
[   20.239689] cloud-init[667]: Generating public/private ecdsa key pair.
[   20.245890] cloud-init[667]: Your identification has been saved in /etc/ssh/ssh_host_ecdsa_key.
[   20.253222] cloud-init[667]: Your public key has been saved in /etc/ssh/ssh_host_ecdsa_key.pub.
[   20.264738] cloud-init[667]: The key fingerprint is:
[   20.273051] cloud-init[667]: SHA256:aipaotyvhutE9ZOsxLtww7+e42wArrfoazWninR4O2E root@ubuntu-bionic
[   20.284067] cloud-init[667]: The key's randomart image is:
[   20.294053] cloud-init[667]: +---[ECDSA 256]---+
[   20.299525] cloud-init[667]: |                 |
[   20.304855] cloud-init[667]: |                 |         Starting LSB: automatic crash report generation...
         Starting System Logging Service...

[   20.319266]          Starting Dispatcher daemon for systemd-networkd...
cloud-init[667]: |   .             |
[   20.332006] cloud-init[667]: | .o o .          |
[   20.339727] cloud-init[667]: |...o =  S        |
[   20.348372] cloud-init[667]: |..+Eo...         |
[   20.358911] cloud-init[667]: |o==O* o          |
[   20.369229] cloud-init[667]: |B*O+*=.          |
[   20.371272] cloud-init[667]: |OX*BOOo          |
[   20.373512] cloud-init[667]: +----[SHA256]-----+
[   20.375764] cloud-init[667]: Generating public/private ed25519 key pair.
[[0;32m  OK  [0m] Started irqbalance daemon.
[   20.385289] cloud-init[667]: Your identification has been saved in /etc/ssh/ssh_host_ed25519_key.
[   20.399146] cloud-init[667]: Your public key has been saved in /etc/ssh/ssh_host_ed25519_key.pub.
[   20.403882] cloud-init[667]: The key fingerprint is:
[   20.406359] cloud-init[667]: SHA256:i8eQBU3UeukPkpXdZMAx/t9U+sVxk7awL3oX3mmF5zA root@ubuntu-bionic
[   20.410238] cloud-init[667]: The key's randomart image is:
[   20.412775] cloud-init[667]: +--[ED25519 256]--+
[   20.414974] cloud-init[667]: |      .+o. .+o   |
[   20.418148] cloud-init[667]: |       .. ....o .|
[   20.420989] cloud-init[667]: |        .. +.= =o|
[   20.423802] cloud-init[667]: |       o. = ..=o*|
[   20.426923] cloud-init[667]: |      o S=   .oo+|
         Starting LSB: Record successful boot for GRUB...
[   20.432813] cloud-init[667]: |       +o.o   E==|
[   20.441773] cloud-init[667]: |      . +. o ..*O|
         [   20.444776] cloud-init[667]: |       .    o..=o|
Starting Virtualbox guest utils...
[   20.457207] cloud-init[667]: |           .. o  |
[   20.461498] cloud-init[667]: +----[SHA256]-----+
         Starting Permit User Sessions...
         Starting Pollinate to seed the pseudo random number generator...
[[0;32m  OK  [0m] Started FUSE filesystem for LXC.
         Starting Login Service...
[[0;32m  OK  [0m] Started Deferred execution scheduler.
[[0;32m  OK  [0m] Started Regular background program processing daemon.
         Starting Snap Daemon...
         Starting LXD - container startup/shutdown...
[[0;32m  OK  [0m] Started System Logging Service.
[[0;32m  OK  [0m] Started Availability of block devices.
[[0;32m  OK  [0m] Started Permit User Sessions.
[[0;32m  OK  [0m] Started Login Service.
[[0;32m  OK  [0m] Started Unattended Upgrades Shutdown.
         Starting Authorization Manager...
         Starting Terminate Plymouth Boot Screen...
         Starting Hold until boot process finishes up...
[[0;32m  OK  [0m] Started Hold until boot process finishes up.
[[0;32m  OK  [0m] Started Serial Getty on ttyS0.
         Starting Set console scheme...
[[0;32m  OK  [0m] Started Terminate Plymouth Boot Screen.
[[0;32m  OK  [0m] Started LSB: automatic crash report generation.
[[0;32m  OK  [0m] Started Set console scheme.
[[0;32m  OK  [0m] Created slice system-getty.slice.
[[0;32m  OK  [0m] Started Getty on tty1.
[[0;32m  OK  [0m] Reached target Login Prompts.
[[0;32m  OK  [0m] Started LSB: Record successful boot for GRUB.
[[0;32m  OK  [0m] Started Authorization Manager.
[[0;32m  OK  [0m] Started Accounts Service.
[[0;32m  OK  [0m] Started Virtualbox guest utils.
[[0;32m  OK  [0m] Started Dispatcher daemon for systemd-networkd.
[[0;32m  OK  [0m] Started LXD - container startup/shutdown.
[[0;32m  OK  [0m] Started Snap Daemon.
         Starting Wait until snapd is fully seeded...
[[0;32m  OK  [0m] Started Pollinate to seed the pseudo random number generator.
         Starting OpenBSD Secure Shell server...
[[0;32m  OK  [0m] Started OpenBSD Secure Shell server.
         Starting Time & Date Service...
[[0;32m  OK  [0m] Started Time & Date Service.
[[0;32m  OK  [0m] Started Wait until snapd is fully seeded.
         Starting Apply the settings specified in cloud-config...
[   24.682722] cloud-init[1179]: Cloud-init v. 22.2-0ubuntu1~18.04.3 running 'modules:config' at Fri, 14 Oct 2022 09:07:04 +0000. Up 23.99 seconds.
[[0;32m  OK  [0m] Started Apply the settings specified in cloud-config.
[[0;32m  OK  [0m] Reached target Multi-User System.
         Starting Execute cloud user/final scripts...
[[0;32m  OK  [0m] Reached target Graphical Interface.
         Starting Update UTMP about System Runlevel Changes...
[[0;32m  OK  [0m] Started Update UTMP about System Runlevel Changes.
ci-info: no authorized SSH keys fingerprints found for user ubuntu.
<14>Oct 14 09:07:05 cloud-init: #############################################################
<14>Oct 14 09:07:05 cloud-init: -----BEGIN SSH HOST KEY FINGERPRINTS-----
<14>Oct 14 09:07:05 cloud-init: 1024 SHA256:YPWcZRzOYm1X9b8FqpTPx7+DLV3UTC5j0TYgW6kDYGo root@ubuntu-bionic (DSA)
<14>Oct 14 09:07:05 cloud-init: 256 SHA256:aipaotyvhutE9ZOsxLtww7+e42wArrfoazWninR4O2E root@ubuntu-bionic (ECDSA)
<14>Oct 14 09:07:05 cloud-init: 256 SHA256:i8eQBU3UeukPkpXdZMAx/t9U+sVxk7awL3oX3mmF5zA root@ubuntu-bionic (ED25519)
<14>Oct 14 09:07:05 cloud-init: 2048 SHA256:rdx35DW3kXOmLWsZlVxoY5FMVYf0ZdUfYLRGKOXsBfI root@ubuntu-bionic (RSA)
<14>Oct 14 09:07:05 cloud-init: -----END SSH HOST KEY FINGERPRINTS-----
<14>Oct 14 09:07:05 cloud-init: #############################################################
-----BEGIN SSH HOST KEY KEYS-----
ecdsa-sha2-nistp256 AAAAE2VjZHNhLXNoYTItbmlzdHAyNTYAAAAIbmlzdHAyNTYAAABBBHn3x5GyT+n6ZB6hL1KUhOQVIN3lOi6qERYS2fhE3l3lIp5SIwHr7rEFjNzuCBVW2EDRVC6SXPkfrMr65veeStw= root@ubuntu-bionic
ssh-ed25519 AAAAC3NzaC1lZDI1NTE5AAAAIOjwntvzW034mjqnJQsMf0m0ZDm3tuNaOTqOsTLUcnen root@ubuntu-bionic
ssh-rsa AAAAB3NzaC1yc2EAAAADAQABAAABAQDRvOqeFECmPS2NFe1AF4xRQFTiM4JJzfVFOdcJivs0VDMNIZeTmqzAMOZu2YAPmbPG/aUIvdatmacL70ODSp6sJD1oWAKEl5VLqA9TTywD8LBXP4j/gI+Zt/N02zgzKmDM/Yic5ED+KMJzg5hvp7EqF5jhCxwggxOLfQwy3zLMnA8zhZnBwX1sShB6gkYuRdDM7wVDCHrYtf5/nhZ26Kc/Eg3QPS79cn61bAGqr49t6/gx37qPsZAblQa1nOSAKflW/X0N0HG1FH2GX0y9vfG/QKnbixEDjSdHSfUjefE96+EMpBmxvBiMPtQqSr2bfWgiZn5P2bA3u/UckVMVmS5L root@ubuntu-bionic
-----END SSH HOST KEY KEYS-----
[   25.509884] cloud-init[1216]: Cloud-init v. 22.2-0ubuntu1~18.04.3 running 'modules:final' at Fri, 14 Oct 2022 09:07:05 +0000. Up 25.23 seconds.
[   25.517692] cloud-init[1216]: Cloud-init v. 22.2-0ubuntu1~18.04.3 finished at Fri, 14 Oct 2022 09:07:05 +0000. Datasource DataSourceNoCloud [seed=/dev/sdb][dsmode=net].  Up 25.49 seconds
[[0;32m  OK  [0m] Started Execute cloud user/final scripts.
[[0;32m  OK  [0m] Reached target Cloud-init target.

Ubuntu 18.04.6 LTS ubuntu-bionic ttyS0

ubuntu-bionic login: 